<?xml version="1.0" encoding="UTF-8"?>
<robot generator="Robot 6.1.1 (Python 3.10.4 on win32)" generated="20241007 11:20:25.070" rpa="false" schemaversion="4">
<suite id="s1" name="Teste Cadastro Cliente" source="C:\Users\maria.perez\Documents\GitHub\TestesAuto\Teste_Cadastro_Cliente.robot">
<test id="s1-t1" name="Caso de Teste 01 - Acesso site da Clinical Here&quot;" line="7">
<kw name="Abrir o navegador" library="Teste_Cadastro_resources" type="SETUP">
<kw name="Open Browser" library="SeleniumLibrary">
<arg>browser=${BROWSER}</arg>
<doc>Opens a new browser instance to the optional ``url``.</doc>
<msg timestamp="20241007 11:20:25.505" level="INFO">Opening browser 'chrome' to base url 'None'.</msg>
<status status="PASS" starttime="20241007 11:20:25.505" endtime="20241007 11:20:28.145"/>
</kw>
<kw name="Maximize Browser Window" library="SeleniumLibrary">
<doc>Maximizes current browser window.</doc>
<status status="PASS" starttime="20241007 11:20:28.145" endtime="20241007 11:20:28.172"/>
</kw>
<status status="PASS" starttime="20241007 11:20:25.505" endtime="20241007 11:20:28.172"/>
</kw>
<kw name="Acessar a home page do site Clinical Here" library="Teste_Cadastro_resources">
<kw name="Go To" library="SeleniumLibrary">
<arg>url=${URL}</arg>
<doc>Navigates the current browser window to the provided ``url``.</doc>
<msg timestamp="20241007 11:20:28.174" level="INFO">Opening url 'http://localhost/ExperienciaCriativa/ExperienciaCriativa/parte-1/php'</msg>
<status status="PASS" starttime="20241007 11:20:28.173" endtime="20241007 11:20:28.305"/>
</kw>
<kw name="Capture Page Screenshot" library="SeleniumLibrary">
<doc>Takes a screenshot of the current page and embeds it into a log file.</doc>
<msg timestamp="20241007 11:20:28.380" level="INFO" html="true">&lt;/td&gt;&lt;/tr&gt;&lt;tr&gt;&lt;td colspan="3"&gt;&lt;a href="selenium-screenshot-3.png"&gt;&lt;img src="selenium-screenshot-3.png" width="800px"&gt;&lt;/a&gt;</msg>
<status status="PASS" starttime="20241007 11:20:28.306" endtime="20241007 11:20:28.380"/>
</kw>
<status status="PASS" starttime="20241007 11:20:28.173" endtime="20241007 11:20:28.380"/>
</kw>
<doc>Esse teste verifica o site da Clinical Here</doc>
<tag>site_principal</tag>
<status status="PASS" starttime="20241007 11:20:25.504" endtime="20241007 11:20:28.380"/>
</test>
<doc>Essa suíte testa o site da Clinical Here</doc>
<status status="PASS" starttime="20241007 11:20:25.079" endtime="20241007 11:20:28.381"/>
</suite>
<statistics>
<total>
<stat pass="1" fail="0" skip="0">All Tests</stat>
</total>
<tag>
<stat pass="1" fail="0" skip="0">site_principal</stat>
</tag>
<suite>
<stat pass="1" fail="0" skip="0" id="s1" name="Teste Cadastro Cliente">Teste Cadastro Cliente</stat>
</suite>
</statistics>
<errors>
</errors>
</robot>
