<?xml version="1.0" encoding="UTF-8"?>
<robot generator="Robot 6.1.1 (Python 3.10.4 on win32)" generated="20241008 10:48:07.313" rpa="false" schemaversion="4">
<suite id="s1" name="Teste Cadastro Cliente" source="C:\Users\maria.perez\Documents\GitHub\TestesAuto\Testes_Cliente\Teste_Cadastro_Cliente.robot">
<test id="s1-t1" name="Caso de Teste 01 - Acesso site da Clinical Here&quot;" line="7">
<kw name="Abrir o navegador" library="Teste_Cadastro_resources" type="SETUP">
<kw name="Open Browser" library="SeleniumLibrary">
<arg>browser=${BROWSER}</arg>
<doc>Opens a new browser instance to the optional ``url``.</doc>
<msg timestamp="20241008 10:48:07.657" level="INFO">Opening browser 'chrome' to base url 'None'.</msg>
<status status="PASS" starttime="20241008 10:48:07.657" endtime="20241008 10:48:09.720"/>
</kw>
<kw name="Maximize Browser Window" library="SeleniumLibrary">
<doc>Maximizes current browser window.</doc>
<status status="PASS" starttime="20241008 10:48:09.721" endtime="20241008 10:48:09.751"/>
</kw>
<status status="PASS" starttime="20241008 10:48:07.641" endtime="20241008 10:48:09.751"/>
</kw>
<kw name="Acessar a home page do site Clinical Here" library="Teste_Cadastro_resources">
<kw name="Go To" library="SeleniumLibrary">
<arg>url=${URL}</arg>
<doc>Navigates the current browser window to the provided ``url``.</doc>
<msg timestamp="20241008 10:48:09.754" level="INFO">Opening url 'http://localhost/ExperienciaCriativa/parte-1/php/'</msg>
<status status="PASS" starttime="20241008 10:48:09.754" endtime="20241008 10:48:09.854"/>
</kw>
<kw name="Capture Page Screenshot" library="SeleniumLibrary">
<doc>Takes a screenshot of the current page and embeds it into a log file.</doc>
<msg timestamp="20241008 10:48:09.959" level="INFO" html="true">&lt;/td&gt;&lt;/tr&gt;&lt;tr&gt;&lt;td colspan="3"&gt;&lt;a href="selenium-screenshot-1.png"&gt;&lt;img src="selenium-screenshot-1.png" width="800px"&gt;&lt;/a&gt;</msg>
<status status="PASS" starttime="20241008 10:48:09.854" endtime="20241008 10:48:09.960"/>
</kw>
<status status="PASS" starttime="20241008 10:48:09.753" endtime="20241008 10:48:09.960"/>
</kw>
<kw name="Digitar o cpf de uma recepcionista ativa no campo CPF" library="Teste_Cadastro_resources">
<kw name="Input Text" library="SeleniumLibrary">
<arg>id=cpf</arg>
<arg>${CPF}</arg>
<doc>Types the given ``text`` into the text field identified by ``locator``.</doc>
<msg timestamp="20241008 10:48:09.961" level="INFO">Typing text '431.628.700-11' into text field 'id=cpf'.</msg>
<status status="PASS" starttime="20241008 10:48:09.960" endtime="20241008 10:48:10.042"/>
</kw>
<status status="PASS" starttime="20241008 10:48:09.960" endtime="20241008 10:48:10.042"/>
</kw>
<kw name="Digitar a senha de uma recepcionista ativa no campo Senha" library="Teste_Cadastro_resources">
<kw name="Input Text" library="SeleniumLibrary">
<arg>id=senha</arg>
<arg>${SENHA}</arg>
<doc>Types the given ``text`` into the text field identified by ``locator``.</doc>
<msg timestamp="20241008 10:48:10.043" level="INFO">Typing text 'Senha01@' into text field 'id=senha'.</msg>
<status status="PASS" starttime="20241008 10:48:10.043" endtime="20241008 10:48:10.106"/>
</kw>
<status status="PASS" starttime="20241008 10:48:10.043" endtime="20241008 10:48:10.106"/>
</kw>
<kw name="Acionar o botão &quot;Entrar&quot;" library="Teste_Cadastro_resources">
<kw name="Click Element" library="SeleniumLibrary">
<arg>name=botao_login</arg>
<doc>Click the element identified by ``locator``.</doc>
<msg timestamp="20241008 10:48:10.108" level="INFO">Clicking element 'name=botao_login'.</msg>
<status status="PASS" starttime="20241008 10:48:10.107" endtime="20241008 10:48:10.175"/>
</kw>
<status status="PASS" starttime="20241008 10:48:10.106" endtime="20241008 10:48:10.176"/>
</kw>
<kw name="Clicar no menu &quot;Cadastro de Paciente&quot;" library="Teste_Cadastro_resources">
<kw name="Click Link" library="SeleniumLibrary">
<arg>${opcao_menu}</arg>
<doc>Clicks a link identified by ``locator``.</doc>
<msg timestamp="20241008 10:48:10.177" level="INFO">Clicking link 'Cadastro de Paciente'.</msg>
<status status="PASS" starttime="20241008 10:48:10.176" endtime="20241008 10:48:10.924"/>
</kw>
<status status="PASS" starttime="20241008 10:48:10.176" endtime="20241008 10:48:10.925"/>
</kw>
<kw name="Preencher o campo Nome completo com um nome válido" library="Teste_Cadastro_resources">
<kw name="Input Text" library="SeleniumLibrary">
<arg>id=nome</arg>
<arg>${nome_valido}</arg>
<doc>Types the given ``text`` into the text field identified by ``locator``.</doc>
<msg timestamp="20241008 10:48:10.926" level="INFO">Typing text 'José Maria dos Reis' into text field 'id=nome'.</msg>
<status status="PASS" starttime="20241008 10:48:10.925" endtime="20241008 10:48:11.003"/>
</kw>
<status status="PASS" starttime="20241008 10:48:10.925" endtime="20241008 10:48:11.003"/>
</kw>
<kw name="Preencher o campo CPF com um CPF inválido" library="Teste_Cadastro_resources">
<kw name="Input Text" library="SeleniumLibrary">
<arg>id=cpf</arg>
<arg>${cpf_invalido}</arg>
<doc>Types the given ``text`` into the text field identified by ``locator``.</doc>
<msg timestamp="20241008 10:48:11.004" level="INFO">Typing text '431.628.700-11' into text field 'id=cpf'.</msg>
<status status="PASS" starttime="20241008 10:48:11.003" endtime="20241008 10:48:11.060"/>
</kw>
<status status="PASS" starttime="20241008 10:48:11.003" endtime="20241008 10:48:11.060"/>
</kw>
<kw name="Preencher o campo Data de Nascimento com uma data válida" library="Teste_Cadastro_resources">
<kw name="Input Text" library="SeleniumLibrary">
<arg>id=data</arg>
<arg>${data_nascimento}</arg>
<doc>Types the given ``text`` into the text field identified by ``locator``.</doc>
<msg timestamp="20241008 10:48:11.062" level="INFO">Typing text '11052003' into text field 'id=data'.</msg>
<status status="PASS" starttime="20241008 10:48:11.061" endtime="20241008 10:48:11.114"/>
</kw>
<status status="PASS" starttime="20241008 10:48:11.061" endtime="20241008 10:48:11.114"/>
</kw>
<kw name="Preencher o campo Senha com uma senha válida" library="Teste_Cadastro_resources">
<kw name="Input Text" library="SeleniumLibrary">
<arg>id=Senha</arg>
<arg>${Senha}</arg>
<doc>Types the given ``text`` into the text field identified by ``locator``.</doc>
<msg timestamp="20241008 10:48:11.115" level="INFO">Typing text 'Senha01@' into text field 'id=Senha'.</msg>
<status status="PASS" starttime="20241008 10:48:11.115" endtime="20241008 10:48:11.169"/>
</kw>
<status status="PASS" starttime="20241008 10:48:11.115" endtime="20241008 10:48:11.169"/>
</kw>
<kw name="Preencher o campo Confirme a senha com a mesma senha do campo Senha" library="Teste_Cadastro_resources">
<kw name="Input Text" library="SeleniumLibrary">
<arg>id=confirmaSenha</arg>
<arg>${Senha}</arg>
<doc>Types the given ``text`` into the text field identified by ``locator``.</doc>
<msg timestamp="20241008 10:48:11.170" level="INFO">Typing text 'Senha01@' into text field 'id=confirmaSenha'.</msg>
<status status="PASS" starttime="20241008 10:48:11.170" endtime="20241008 10:48:11.224"/>
</kw>
<status status="PASS" starttime="20241008 10:48:11.170" endtime="20241008 10:48:11.224"/>
</kw>
<kw name="Preencher o campo Altura corretamente" library="Teste_Cadastro_resources">
<kw name="Input Text" library="SeleniumLibrary">
<arg>id=alt</arg>
<arg>${altura}</arg>
<doc>Types the given ``text`` into the text field identified by ``locator``.</doc>
<msg timestamp="20241008 10:48:11.225" level="INFO">Typing text '1.70' into text field 'id=alt'.</msg>
<status status="PASS" starttime="20241008 10:48:11.224" endtime="20241008 10:48:11.276"/>
</kw>
<status status="PASS" starttime="20241008 10:48:11.224" endtime="20241008 10:48:11.276"/>
</kw>
<kw name="Preencher o campo Peso corretamente" library="Teste_Cadastro_resources">
<kw name="Input Text" library="SeleniumLibrary">
<arg>id=pes</arg>
<arg>${peso}</arg>
<doc>Types the given ``text`` into the text field identified by ``locator``.</doc>
<msg timestamp="20241008 10:48:11.277" level="INFO">Typing text '55' into text field 'id=pes'.</msg>
<status status="PASS" starttime="20241008 10:48:11.276" endtime="20241008 10:48:11.326"/>
</kw>
<status status="PASS" starttime="20241008 10:48:11.276" endtime="20241008 10:48:11.326"/>
</kw>
<kw name="Preencher o campo Telefone corretamente" library="Teste_Cadastro_resources">
<kw name="Input Text" library="SeleniumLibrary">
<arg>id=tel</arg>
<arg>${telefone}</arg>
<doc>Types the given ``text`` into the text field identified by ``locator``.</doc>
<msg timestamp="20241008 10:48:11.327" level="INFO">Typing text '343234323' into text field 'id=tel'.</msg>
<status status="PASS" starttime="20241008 10:48:11.327" endtime="20241008 10:48:11.382"/>
</kw>
<status status="PASS" starttime="20241008 10:48:11.327" endtime="20241008 10:48:11.382"/>
</kw>
<kw name="Preencher o campo Gênero com um gênero válido" library="Teste_Cadastro_resources">
<kw name="Select From List By Value" library="SeleniumLibrary">
<arg>id=sexo</arg>
<arg>${genero}</arg>
<doc>Selects options from selection list ``locator`` by ``values``.</doc>
<msg timestamp="20241008 10:48:11.383" level="INFO">Selecting options from selection list 'id=sexo' by value Masculino.</msg>
<status status="PASS" starttime="20241008 10:48:11.383" endtime="20241008 10:48:11.443"/>
</kw>
<status status="PASS" starttime="20241008 10:48:11.383" endtime="20241008 10:48:11.443"/>
</kw>
<kw name="Acionar o botão &quot;Cadastrar&quot;" library="Teste_Cadastro_resources">
<kw name="Click Element" library="SeleniumLibrary">
<arg>id=Enviar</arg>
<doc>Click the element identified by ``locator``.</doc>
<msg timestamp="20241008 10:48:11.444" level="INFO">Clicking element 'id=Enviar'.</msg>
<status status="PASS" starttime="20241008 10:48:11.444" endtime="20241008 10:48:11.509"/>
</kw>
<status status="PASS" starttime="20241008 10:48:11.444" endtime="20241008 10:48:11.509"/>
</kw>
<kw name="Verificar se é exibida a mensagem de erro &quot;${mensagem_erro}&quot;" library="Teste_Cadastro_resources" sourcename="Verificar se é exibida a mensagem de erro &quot;${mensagem_erro}&quot;">
<kw name="Get Text" library="SeleniumLibrary">
<var>${mensagem}</var>
<arg>css=section.section_invalido p</arg>
<doc>Returns the text value of the element identified by ``locator``.</doc>
<msg timestamp="20241008 10:48:11.533" level="INFO">${mensagem} = Esse CPF já foi cadastrado anteriormente!</msg>
<status status="PASS" starttime="20241008 10:48:11.510" endtime="20241008 10:48:11.533"/>
</kw>
<kw name="Should Be Equal As Strings" library="BuiltIn">
<arg>${mensagem}</arg>
<arg>${mensagem_erro}</arg>
<doc>Fails if objects are unequal after converting them to strings.</doc>
<status status="PASS" starttime="20241008 10:48:11.534" endtime="20241008 10:48:11.534"/>
</kw>
<status status="PASS" starttime="20241008 10:48:11.509" endtime="20241008 10:48:11.534"/>
</kw>
<doc>Esse teste verifica o site da Clinical Here</doc>
<tag>site_principal</tag>
<status status="PASS" starttime="20241008 10:48:07.641" endtime="20241008 10:48:11.536"/>
</test>
<doc>Essa suíte testa o site da Clinical Here</doc>
<status status="PASS" starttime="20241008 10:48:07.313" endtime="20241008 10:48:11.536"/>
</suite>
<statistics>
<total>
<stat pass="1" fail="0" skip="0">All Tests</stat>
</total>
<tag>
<stat pass="1" fail="0" skip="0">site_principal</stat>
</tag>
<suite>
<stat pass="1" fail="0" skip="0" id="s1" name="Teste Cadastro Cliente">Teste Cadastro Cliente</stat>
</suite>
</statistics>
<errors>
</errors>
</robot>
