<?xml version="1.0" encoding="UTF-8"?>
<robot generator="Robot 6.1.1 (Python 3.10.4 on win32)" generated="20241007 11:44:20.814" rpa="false" schemaversion="4">
<suite id="s1" name="Teste Cadastro Cliente" source="C:\Users\maria.perez\Documents\GitHub\TestesAuto\Teste_Cadastro_Cliente.robot">
<test id="s1-t1" name="Caso de Teste 01 - Cadastrar um paciente com um cpf que não está registrado.&quot;" line="7">
<kw name="Abrir o navegador" library="Teste_Cadastro_resources" type="SETUP">
<kw name="Open Browser" library="SeleniumLibrary">
<arg>browser=${BROWSER}</arg>
<doc>Opens a new browser instance to the optional ``url``.</doc>
<msg timestamp="20241007 11:44:21.229" level="INFO">Opening browser 'chrome' to base url 'None'.</msg>
<status status="PASS" starttime="20241007 11:44:21.229" endtime="20241007 11:44:23.869"/>
</kw>
<kw name="Maximize Browser Window" library="SeleniumLibrary">
<doc>Maximizes current browser window.</doc>
<status status="PASS" starttime="20241007 11:44:23.869" endtime="20241007 11:44:23.918"/>
</kw>
<status status="PASS" starttime="20241007 11:44:21.229" endtime="20241007 11:44:23.918"/>
</kw>
<kw name="Acessar a home page do site Clinical Here" library="Teste_Cadastro_resources">
<kw name="Go To" library="SeleniumLibrary">
<arg>url=${URL}</arg>
<doc>Navigates the current browser window to the provided ``url``.</doc>
<msg timestamp="20241007 11:44:23.919" level="INFO">Opening url 'http://localhost/ExperienciaCriativa/ExperienciaCriativa/parte-1/php'</msg>
<status status="PASS" starttime="20241007 11:44:23.919" endtime="20241007 11:44:24.042"/>
</kw>
<kw name="Capture Page Screenshot" library="SeleniumLibrary">
<doc>Takes a screenshot of the current page and embeds it into a log file.</doc>
<msg timestamp="20241007 11:44:24.118" level="INFO" html="true">&lt;/td&gt;&lt;/tr&gt;&lt;tr&gt;&lt;td colspan="3"&gt;&lt;a href="selenium-screenshot-1.png"&gt;&lt;img src="selenium-screenshot-1.png" width="800px"&gt;&lt;/a&gt;</msg>
<status status="PASS" starttime="20241007 11:44:24.043" endtime="20241007 11:44:24.118"/>
</kw>
<status status="PASS" starttime="20241007 11:44:23.918" endtime="20241007 11:44:24.118"/>
</kw>
<kw name="Digitar no campo o CPF do usuário ativo" library="Teste_Cadastro_resources">
<kw name="Input Text" library="SeleniumLibrary">
<arg>css:input[name=cpf]</arg>
<arg>${USUARIO}</arg>
<doc>Types the given ``text`` into the text field identified by ``locator``.</doc>
<msg timestamp="20241007 11:44:24.120" level="INFO">Typing text '431.628.700-11' into text field 'css:input[name=cpf]'.</msg>
<status status="PASS" starttime="20241007 11:44:24.119" endtime="20241007 11:44:24.205"/>
</kw>
<status status="PASS" starttime="20241007 11:44:24.119" endtime="20241007 11:44:24.205"/>
</kw>
<kw name="Digitar a senha do usuario ativo" library="Teste_Cadastro_resources">
<kw name="Input Text" library="SeleniumLibrary">
<arg>css:[name=senha]</arg>
<arg>${SENHA}</arg>
<doc>Types the given ``text`` into the text field identified by ``locator``.</doc>
<msg timestamp="20241007 11:44:24.206" level="INFO">Typing text 'Senha01@' into text field 'css:[name=senha]'.</msg>
<status status="PASS" starttime="20241007 11:44:24.205" endtime="20241007 11:44:24.273"/>
</kw>
<status status="PASS" starttime="20241007 11:44:24.205" endtime="20241007 11:44:24.273"/>
</kw>
<kw name="Acionar o botão entrar" library="Teste_Cadastro_resources">
<kw name="Click Elemnt">
<arg>css:submit[name=botao_login]</arg>
<msg timestamp="20241007 11:44:24.276" level="FAIL">No keyword with name 'Click Elemnt' found. Did you mean:
    SeleniumLibrary.Click Element</msg>
<status status="FAIL" starttime="20241007 11:44:24.276" endtime="20241007 11:44:24.276"/>
</kw>
<status status="FAIL" starttime="20241007 11:44:24.273" endtime="20241007 11:44:24.276"/>
</kw>
<doc>Esse teste verifica o site da Clinical Here</doc>
<tag>site_principal</tag>
<status status="FAIL" starttime="20241007 11:44:21.228" endtime="20241007 11:44:24.277">No keyword with name 'Click Elemnt' found. Did you mean:
    SeleniumLibrary.Click Element</status>
</test>
<doc>Essa suíte testa o site da Clinical Here</doc>
<status status="FAIL" starttime="20241007 11:44:20.824" endtime="20241007 11:44:24.277"/>
</suite>
<statistics>
<total>
<stat pass="0" fail="1" skip="0">All Tests</stat>
</total>
<tag>
<stat pass="0" fail="1" skip="0">site_principal</stat>
</tag>
<suite>
<stat pass="0" fail="1" skip="0" id="s1" name="Teste Cadastro Cliente">Teste Cadastro Cliente</stat>
</suite>
</statistics>
<errors>
</errors>
</robot>
