<?xml version="1.0" encoding="UTF-8"?>
<robot generator="Robot 6.1.1 (Python 3.10.4 on win32)" generated="20241007 11:50:55.398" rpa="false" schemaversion="4">
<suite id="s1" name="Clinical here cadastro de medico testes" source="C:\Users\helena.almeida.GRUPOMARISTA.001\Documents\GitHub\TestesAuto\Testes\Clinical_here_cadastro_de_medico_testes.robot">
<test id="s1-t1" name="Caso de Teste 01 - Cadastrar um médico com um cpf já registrado" line="7">
<kw name="Abrir o navegador" library="clinical_here_cadastro_de_medico" type="SETUP">
<kw name="Open Browser" library="SeleniumLibrary">
<arg>browser=${BROWSER}</arg>
<doc>Opens a new browser instance to the optional ``url``.</doc>
<msg timestamp="20241007 11:50:55.800" level="INFO">Opening browser 'chrome' to base url 'None'.</msg>
<status status="PASS" starttime="20241007 11:50:55.799" endtime="20241007 11:50:57.940"/>
</kw>
<kw name="Maximize Browser Window" library="SeleniumLibrary">
<doc>Maximizes current browser window.</doc>
<status status="PASS" starttime="20241007 11:50:57.940" endtime="20241007 11:50:57.968"/>
</kw>
<status status="PASS" starttime="20241007 11:50:55.799" endtime="20241007 11:50:57.968"/>
</kw>
<kw name="Acessar a home do site Clinical Here" library="clinical_here_cadastro_de_medico">
<kw name="Go To" library="SeleniumLibrary">
<arg>url=${URL}</arg>
<doc>Navigates the current browser window to the provided ``url``.</doc>
<msg timestamp="20241007 11:50:57.970" level="INFO">Opening url 'http://localhost/ExperienciaCriativa/ExperienciaCriativa/parte-1/php/index.php'</msg>
<status status="PASS" starttime="20241007 11:50:57.969" endtime="20241007 11:50:58.096"/>
</kw>
<kw name="Capture Page Screenshot" library="SeleniumLibrary">
<doc>Takes a screenshot of the current page and embeds it into a log file.</doc>
<msg timestamp="20241007 11:50:58.207" level="INFO" html="true">&lt;/td&gt;&lt;/tr&gt;&lt;tr&gt;&lt;td colspan="3"&gt;&lt;a href="selenium-screenshot-6.png"&gt;&lt;img src="selenium-screenshot-6.png" width="800px"&gt;&lt;/a&gt;</msg>
<status status="PASS" starttime="20241007 11:50:58.097" endtime="20241007 11:50:58.207"/>
</kw>
<status status="PASS" starttime="20241007 11:50:57.969" endtime="20241007 11:50:58.207"/>
</kw>
<kw name="Digitar o CPF do usuário ativo no campo" library="clinical_here_cadastro_de_medico">
<kw name="Input Text" library="SeleniumLibrary">
<arg>css:input[name=cpf]</arg>
<arg>${USUARIO}</arg>
<doc>Types the given ``text`` into the text field identified by ``locator``.</doc>
<msg timestamp="20241007 11:50:58.208" level="INFO">Typing text '431.628.700-11' into text field 'css:input[name=cpf]'.</msg>
<status status="PASS" starttime="20241007 11:50:58.208" endtime="20241007 11:50:58.288"/>
</kw>
<status status="PASS" starttime="20241007 11:50:58.207" endtime="20241007 11:50:58.288"/>
</kw>
<kw name="Digitar a senha do usuario ativo" library="clinical_here_cadastro_de_medico">
<kw name="Input Text" library="SeleniumLibrary">
<arg>css:input[name=senha]</arg>
<arg>${SENHA}</arg>
<doc>Types the given ``text`` into the text field identified by ``locator``.</doc>
<msg timestamp="20241007 11:50:58.289" level="INFO">Typing text 'Senha01@' into text field 'css:input[name=senha]'.</msg>
<status status="PASS" starttime="20241007 11:50:58.288" endtime="20241007 11:50:58.342"/>
</kw>
<status status="PASS" starttime="20241007 11:50:58.288" endtime="20241007 11:50:58.342"/>
</kw>
<kw name="Acionar o botão entrar" library="clinical_here_cadastro_de_medico">
<kw name="Click Element" library="SeleniumLibrary">
<arg>css:submit[name='botao_login']</arg>
<doc>Click the element identified by ``locator``.</doc>
<msg timestamp="20241007 11:50:58.343" level="INFO">Clicking element 'css:submit[name='botao_login']'.</msg>
<msg timestamp="20241007 11:50:58.495" level="INFO" html="true">&lt;/td&gt;&lt;/tr&gt;&lt;tr&gt;&lt;td colspan="3"&gt;&lt;a href="selenium-screenshot-7.png"&gt;&lt;img src="selenium-screenshot-7.png" width="800px"&gt;&lt;/a&gt;</msg>
<msg timestamp="20241007 11:50:58.495" level="FAIL">Element with locator 'css:submit[name='botao_login']' not found.</msg>
<status status="FAIL" starttime="20241007 11:50:58.343" endtime="20241007 11:50:58.499"/>
</kw>
<status status="FAIL" starttime="20241007 11:50:58.342" endtime="20241007 11:50:58.499"/>
</kw>
<doc>Verificar se o site vai abrir</doc>
<tag>cadastro_medico</tag>
<status status="FAIL" starttime="20241007 11:50:55.798" endtime="20241007 11:50:58.500">Element with locator 'css:submit[name='botao_login']' not found.</status>
</test>
<doc>Essa suíte testa a aplicação web da Clinical Here</doc>
<status status="FAIL" starttime="20241007 11:50:55.408" endtime="20241007 11:50:58.501"/>
</suite>
<statistics>
<total>
<stat pass="0" fail="1" skip="0">All Tests</stat>
</total>
<tag>
<stat pass="0" fail="1" skip="0">cadastro_medico</stat>
</tag>
<suite>
<stat pass="0" fail="1" skip="0" id="s1" name="Clinical here cadastro de medico testes">Clinical here cadastro de medico testes</stat>
</suite>
</statistics>
<errors>
</errors>
</robot>
