<?xml version="1.0" encoding="UTF-8"?>
<robot generator="Robot 6.1.1 (Python 3.10.4 on win32)" generated="20241015 11:30:32.864" rpa="false" schemaversion="4">
<suite id="s1" name="Teste Cadastro Cliente" source="C:\xampp\htdocs\TestesAuto\Testes_Cliente\Teste_Cadastro_Cliente.robot">
<test id="s1-t1" name="Caso de Teste 01 - Acesso site da Clinical Here&quot;" line="7">
<kw name="Abrir o navegador" library="Teste_Cadastro_resources" type="SETUP">
<kw name="Open Browser" library="SeleniumLibrary">
<arg>browser=${BROWSER}</arg>
<doc>Opens a new browser instance to the optional ``url``.</doc>
<msg timestamp="20241015 11:30:33.838" level="INFO">Opening browser 'chrome' to base url 'None'.</msg>
<status status="PASS" starttime="20241015 11:30:33.838" endtime="20241015 11:30:38.283"/>
</kw>
<kw name="Maximize Browser Window" library="SeleniumLibrary">
<doc>Maximizes current browser window.</doc>
<status status="PASS" starttime="20241015 11:30:38.284" endtime="20241015 11:30:38.321"/>
</kw>
<status status="PASS" starttime="20241015 11:30:33.838" endtime="20241015 11:30:38.321"/>
</kw>
<kw name="Acessar a home page do site Clinical Here" library="Teste_Cadastro_resources">
<kw name="Go To" library="SeleniumLibrary">
<arg>url=${URL}</arg>
<doc>Navigates the current browser window to the provided ``url``.</doc>
<msg timestamp="20241015 11:30:38.324" level="INFO">Opening url 'http://localhost/ExperienciaCriativa/parte-1/php/'</msg>
<status status="PASS" starttime="20241015 11:30:38.323" endtime="20241015 11:30:38.671"/>
</kw>
<kw name="Capture Page Screenshot" library="SeleniumLibrary">
<doc>Takes a screenshot of the current page and embeds it into a log file.</doc>
<msg timestamp="20241015 11:30:39.161" level="INFO" html="true">&lt;/td&gt;&lt;/tr&gt;&lt;tr&gt;&lt;td colspan="3"&gt;&lt;a href="selenium-screenshot-30.png"&gt;&lt;img src="selenium-screenshot-30.png" width="800px"&gt;&lt;/a&gt;</msg>
<status status="PASS" starttime="20241015 11:30:38.672" endtime="20241015 11:30:39.161"/>
</kw>
<status status="PASS" starttime="20241015 11:30:38.322" endtime="20241015 11:30:39.161"/>
</kw>
<kw name="Digitar o cpf de uma recepcionista ativa no campo CPF" library="Teste_Cadastro_resources">
<kw name="Input Text" library="SeleniumLibrary">
<arg>id=cpf</arg>
<arg>${CPF}</arg>
<doc>Types the given ``text`` into the text field identified by ``locator``.</doc>
<msg timestamp="20241015 11:30:39.161" level="INFO">Typing text '431.628.700-11' into text field 'id=cpf'.</msg>
<status status="PASS" starttime="20241015 11:30:39.161" endtime="20241015 11:30:39.470"/>
</kw>
<status status="PASS" starttime="20241015 11:30:39.161" endtime="20241015 11:30:39.470"/>
</kw>
<kw name="Digitar a senha de uma recepcionista ativa no campo Senha" library="Teste_Cadastro_resources">
<kw name="Input Text" library="SeleniumLibrary">
<arg>id=senha</arg>
<arg>${SENHA}</arg>
<doc>Types the given ``text`` into the text field identified by ``locator``.</doc>
<msg timestamp="20241015 11:30:39.474" level="INFO">Typing text 'Senha01@' into text field 'id=senha'.</msg>
<status status="PASS" starttime="20241015 11:30:39.472" endtime="20241015 11:30:39.679"/>
</kw>
<status status="PASS" starttime="20241015 11:30:39.472" endtime="20241015 11:30:39.680"/>
</kw>
<kw name="Acionar o botão &quot;Entrar&quot;" library="Teste_Cadastro_resources">
<kw name="Click Element" library="SeleniumLibrary">
<arg>name=botao_login</arg>
<doc>Click the element identified by ``locator``.</doc>
<msg timestamp="20241015 11:30:39.685" level="INFO">Clicking element 'name=botao_login'.</msg>
<status status="PASS" starttime="20241015 11:30:39.683" endtime="20241015 11:30:40.606"/>
</kw>
<status status="PASS" starttime="20241015 11:30:39.682" endtime="20241015 11:30:40.607"/>
</kw>
<kw name="Clicar no menu &quot;Cadastro de Paciente&quot;" library="Teste_Cadastro_resources">
<kw name="Click Link" library="SeleniumLibrary">
<arg>${opcao_menu}</arg>
<doc>Clicks a link identified by ``locator``.</doc>
<msg timestamp="20241015 11:30:40.611" level="INFO">Clicking link 'Cadastro de Paciente'.</msg>
<status status="PASS" starttime="20241015 11:30:40.608" endtime="20241015 11:30:41.065"/>
</kw>
<status status="PASS" starttime="20241015 11:30:40.608" endtime="20241015 11:30:41.065"/>
</kw>
<kw name="Preencher o campo Nome completo com um nome válido" library="Teste_Cadastro_resources">
<kw name="Input Text" library="SeleniumLibrary">
<arg>id=nome</arg>
<arg>${nome_valido}</arg>
<doc>Types the given ``text`` into the text field identified by ``locator``.</doc>
<msg timestamp="20241015 11:30:41.070" level="INFO">Typing text 'José Maria dos Reis' into text field 'id=nome'.</msg>
<status status="PASS" starttime="20241015 11:30:41.068" endtime="20241015 11:30:41.476"/>
</kw>
<status status="PASS" starttime="20241015 11:30:41.066" endtime="20241015 11:30:41.478"/>
</kw>
<kw name="Preencher o campo CPF com um CPF inválido" library="Teste_Cadastro_resources">
<kw name="Input Text" library="SeleniumLibrary">
<arg>id=cpf</arg>
<arg>${CPF_invalido}</arg>
<doc>Types the given ``text`` into the text field identified by ``locator``.</doc>
<msg timestamp="20241015 11:30:41.482" level="INFO">Typing text '431.628.700-11' into text field 'id=cpf'.</msg>
<status status="PASS" starttime="20241015 11:30:41.480" endtime="20241015 11:30:41.815"/>
</kw>
<status status="PASS" starttime="20241015 11:30:41.479" endtime="20241015 11:30:41.815"/>
</kw>
<kw name="Preencher o campo Data de Nascimento com uma data válida" library="Teste_Cadastro_resources">
<kw name="Input Text" library="SeleniumLibrary">
<arg>id=data</arg>
<arg>${data_nascimento}</arg>
<doc>Types the given ``text`` into the text field identified by ``locator``.</doc>
<msg timestamp="20241015 11:30:41.821" level="INFO">Typing text '11052003' into text field 'id=data'.</msg>
<status status="PASS" starttime="20241015 11:30:41.819" endtime="20241015 11:30:42.094"/>
</kw>
<status status="PASS" starttime="20241015 11:30:41.815" endtime="20241015 11:30:42.095"/>
</kw>
<kw name="Preencher o campo Senha com uma senha válida" library="Teste_Cadastro_resources">
<kw name="Input Text" library="SeleniumLibrary">
<arg>id=Senha</arg>
<arg>${Senha}</arg>
<doc>Types the given ``text`` into the text field identified by ``locator``.</doc>
<msg timestamp="20241015 11:30:42.098" level="INFO">Typing text 'Senha01@' into text field 'id=Senha'.</msg>
<status status="PASS" starttime="20241015 11:30:42.097" endtime="20241015 11:30:42.388"/>
</kw>
<status status="PASS" starttime="20241015 11:30:42.096" endtime="20241015 11:30:42.389"/>
</kw>
<kw name="Preencher o campo Confirme a senha com a mesma senha do campo Senha" library="Teste_Cadastro_resources">
<kw name="Input Text" library="SeleniumLibrary">
<arg>id=confirmaSenha</arg>
<arg>${Senha}</arg>
<doc>Types the given ``text`` into the text field identified by ``locator``.</doc>
<msg timestamp="20241015 11:30:42.393" level="INFO">Typing text 'Senha01@' into text field 'id=confirmaSenha'.</msg>
<status status="PASS" starttime="20241015 11:30:42.391" endtime="20241015 11:30:42.526"/>
</kw>
<status status="PASS" starttime="20241015 11:30:42.390" endtime="20241015 11:30:42.526"/>
</kw>
<kw name="Preencher o campo Altura corretamente" library="Teste_Cadastro_resources">
<kw name="Input Text" library="SeleniumLibrary">
<arg>id=alt</arg>
<arg>${altura}</arg>
<doc>Types the given ``text`` into the text field identified by ``locator``.</doc>
<msg timestamp="20241015 11:30:42.527" level="INFO">Typing text '1.70' into text field 'id=alt'.</msg>
<status status="PASS" starttime="20241015 11:30:42.527" endtime="20241015 11:30:42.673"/>
</kw>
<status status="PASS" starttime="20241015 11:30:42.526" endtime="20241015 11:30:42.673"/>
</kw>
<kw name="Preencher o campo Peso corretamente" library="Teste_Cadastro_resources">
<kw name="Input Text" library="SeleniumLibrary">
<arg>id=pes</arg>
<arg>${peso}</arg>
<doc>Types the given ``text`` into the text field identified by ``locator``.</doc>
<msg timestamp="20241015 11:30:42.676" level="INFO">Typing text '55' into text field 'id=pes'.</msg>
<status status="PASS" starttime="20241015 11:30:42.675" endtime="20241015 11:30:42.876"/>
</kw>
<status status="PASS" starttime="20241015 11:30:42.674" endtime="20241015 11:30:42.876"/>
</kw>
<kw name="Preencher o campo Telefone corretamente" library="Teste_Cadastro_resources">
<kw name="Input Text" library="SeleniumLibrary">
<arg>id=tel</arg>
<arg>${telefone}</arg>
<doc>Types the given ``text`` into the text field identified by ``locator``.</doc>
<msg timestamp="20241015 11:30:42.880" level="INFO">Typing text '343234323' into text field 'id=tel'.</msg>
<status status="PASS" starttime="20241015 11:30:42.878" endtime="20241015 11:30:43.114"/>
</kw>
<status status="PASS" starttime="20241015 11:30:42.878" endtime="20241015 11:30:43.115"/>
</kw>
<kw name="Preencher o campo Gênero com um gênero válido" library="Teste_Cadastro_resources">
<kw name="Select From List By Value" library="SeleniumLibrary">
<arg>id=sexo</arg>
<arg>${genero}</arg>
<doc>Selects options from selection list ``locator`` by ``values``.</doc>
<msg timestamp="20241015 11:30:43.116" level="INFO">Selecting options from selection list 'id=sexo' by value Masculino.</msg>
<status status="PASS" starttime="20241015 11:30:43.115" endtime="20241015 11:30:43.295"/>
</kw>
<status status="PASS" starttime="20241015 11:30:43.115" endtime="20241015 11:30:43.295"/>
</kw>
<kw name="Acionar o botão &quot;Cadastrar&quot;" library="Teste_Cadastro_resources">
<kw name="Click Element" library="SeleniumLibrary">
<arg>id=Enviar</arg>
<doc>Click the element identified by ``locator``.</doc>
<msg timestamp="20241015 11:30:43.297" level="INFO">Clicking element 'id=Enviar'.</msg>
<status status="PASS" starttime="20241015 11:30:43.297" endtime="20241015 11:30:43.666"/>
</kw>
<status status="PASS" starttime="20241015 11:30:43.296" endtime="20241015 11:30:43.666"/>
</kw>
<kw name="Verificar se é exibida a mensagem de erro &quot;${mensagem_erro}&quot;" library="Teste_Cadastro_resources" sourcename="Verificar se é exibida a mensagem de erro &quot;${mensagem_erro}&quot;">
<kw name="Get Text" library="SeleniumLibrary">
<var>${men}</var>
<arg>css=section.section_invalido p</arg>
<doc>Returns the text value of the element identified by ``locator``.</doc>
<msg timestamp="20241015 11:30:43.819" level="INFO">${men} = Esse CPF já foi cadastrado anteriormente!</msg>
<status status="PASS" starttime="20241015 11:30:43.670" endtime="20241015 11:30:43.819"/>
</kw>
<kw name="Should Be Equal As Strings" library="BuiltIn">
<arg>${men}</arg>
<arg>${mensagem_erro}</arg>
<doc>Fails if objects are unequal after converting them to strings.</doc>
<status status="PASS" starttime="20241015 11:30:43.819" endtime="20241015 11:30:43.819"/>
</kw>
<status status="PASS" starttime="20241015 11:30:43.668" endtime="20241015 11:30:43.819"/>
</kw>
<doc>Esse teste verifica o site da Clinical Here</doc>
<tag>site_principal</tag>
<status status="PASS" starttime="20241015 11:30:33.837" endtime="20241015 11:30:43.823"/>
</test>
<test id="s1-t2" name="Caso de Teste 02 - Cadastro válido do Cliente&quot;" line="27">
<kw name="Abrir o navegador" library="Teste_Cadastro_resources" type="SETUP">
<kw name="Open Browser" library="SeleniumLibrary">
<arg>browser=${BROWSER}</arg>
<doc>Opens a new browser instance to the optional ``url``.</doc>
<msg timestamp="20241015 11:30:43.828" level="INFO">Opening browser 'chrome' to base url 'None'.</msg>
<status status="PASS" starttime="20241015 11:30:43.827" endtime="20241015 11:30:48.579"/>
</kw>
<kw name="Maximize Browser Window" library="SeleniumLibrary">
<doc>Maximizes current browser window.</doc>
<status status="PASS" starttime="20241015 11:30:48.579" endtime="20241015 11:30:48.636"/>
</kw>
<status status="PASS" starttime="20241015 11:30:43.826" endtime="20241015 11:30:48.636"/>
</kw>
<kw name="Acessar a home page do site Clinical Here" library="Teste_Cadastro_resources">
<kw name="Go To" library="SeleniumLibrary">
<arg>url=${URL}</arg>
<doc>Navigates the current browser window to the provided ``url``.</doc>
<msg timestamp="20241015 11:30:48.640" level="INFO">Opening url 'http://localhost/ExperienciaCriativa/parte-1/php/'</msg>
<status status="PASS" starttime="20241015 11:30:48.639" endtime="20241015 11:30:49.088"/>
</kw>
<kw name="Capture Page Screenshot" library="SeleniumLibrary">
<doc>Takes a screenshot of the current page and embeds it into a log file.</doc>
<msg timestamp="20241015 11:30:49.544" level="INFO" html="true">&lt;/td&gt;&lt;/tr&gt;&lt;tr&gt;&lt;td colspan="3"&gt;&lt;a href="selenium-screenshot-31.png"&gt;&lt;img src="selenium-screenshot-31.png" width="800px"&gt;&lt;/a&gt;</msg>
<status status="PASS" starttime="20241015 11:30:49.088" endtime="20241015 11:30:49.544"/>
</kw>
<status status="PASS" starttime="20241015 11:30:48.638" endtime="20241015 11:30:49.544"/>
</kw>
<kw name="Digitar o cpf de uma recepcionista ativa no campo CPF" library="Teste_Cadastro_resources">
<kw name="Input Text" library="SeleniumLibrary">
<arg>id=cpf</arg>
<arg>${CPF}</arg>
<doc>Types the given ``text`` into the text field identified by ``locator``.</doc>
<msg timestamp="20241015 11:30:49.546" level="INFO">Typing text '431.628.700-11' into text field 'id=cpf'.</msg>
<status status="PASS" starttime="20241015 11:30:49.546" endtime="20241015 11:30:49.742"/>
</kw>
<status status="PASS" starttime="20241015 11:30:49.545" endtime="20241015 11:30:49.742"/>
</kw>
<kw name="Digitar a senha de uma recepcionista ativa no campo Senha" library="Teste_Cadastro_resources">
<kw name="Input Text" library="SeleniumLibrary">
<arg>id=senha</arg>
<arg>${SENHA}</arg>
<doc>Types the given ``text`` into the text field identified by ``locator``.</doc>
<msg timestamp="20241015 11:30:49.745" level="INFO">Typing text 'Senha01@' into text field 'id=senha'.</msg>
<status status="PASS" starttime="20241015 11:30:49.744" endtime="20241015 11:30:49.901"/>
</kw>
<status status="PASS" starttime="20241015 11:30:49.743" endtime="20241015 11:30:49.902"/>
</kw>
<kw name="Acionar o botão &quot;Entrar&quot;" library="Teste_Cadastro_resources">
<kw name="Click Element" library="SeleniumLibrary">
<arg>name=botao_login</arg>
<doc>Click the element identified by ``locator``.</doc>
<msg timestamp="20241015 11:30:49.902" level="INFO">Clicking element 'name=botao_login'.</msg>
<status status="PASS" starttime="20241015 11:30:49.902" endtime="20241015 11:30:50.953"/>
</kw>
<status status="PASS" starttime="20241015 11:30:49.902" endtime="20241015 11:30:50.953"/>
</kw>
<kw name="Clicar no menu &quot;Cadastro de Paciente&quot;" library="Teste_Cadastro_resources">
<kw name="Click Link" library="SeleniumLibrary">
<arg>${opcao_menu}</arg>
<doc>Clicks a link identified by ``locator``.</doc>
<msg timestamp="20241015 11:30:50.956" level="INFO">Clicking link 'Cadastro de Paciente'.</msg>
<status status="PASS" starttime="20241015 11:30:50.954" endtime="20241015 11:30:51.126"/>
</kw>
<status status="PASS" starttime="20241015 11:30:50.954" endtime="20241015 11:30:51.126"/>
</kw>
<kw name="Preencher o campo Nome completo com um nome válido" library="Teste_Cadastro_resources">
<kw name="Input Text" library="SeleniumLibrary">
<arg>id=nome</arg>
<arg>${nome_valido}</arg>
<doc>Types the given ``text`` into the text field identified by ``locator``.</doc>
<msg timestamp="20241015 11:30:51.129" level="INFO">Typing text 'José Maria dos Reis' into text field 'id=nome'.</msg>
<status status="PASS" starttime="20241015 11:30:51.128" endtime="20241015 11:30:51.286"/>
</kw>
<status status="PASS" starttime="20241015 11:30:51.127" endtime="20241015 11:30:51.286"/>
</kw>
<kw name="Preencher o campo CPF com um CPF válido" library="Teste_Cadastro_resources">
<kw name="Input Text" library="SeleniumLibrary">
<arg>id=cpf</arg>
<arg>${CPF_valido}</arg>
<doc>Types the given ``text`` into the text field identified by ``locator``.</doc>
<msg timestamp="20241015 11:30:51.287" level="INFO">Typing text '892.107.420-10' into text field 'id=cpf'.</msg>
<status status="PASS" starttime="20241015 11:30:51.287" endtime="20241015 11:30:51.410"/>
</kw>
<status status="PASS" starttime="20241015 11:30:51.286" endtime="20241015 11:30:51.411"/>
</kw>
<kw name="Preencher o campo Data de Nascimento com uma data válida" library="Teste_Cadastro_resources">
<kw name="Input Text" library="SeleniumLibrary">
<arg>id=data</arg>
<arg>${data_nascimento}</arg>
<doc>Types the given ``text`` into the text field identified by ``locator``.</doc>
<msg timestamp="20241015 11:30:51.411" level="INFO">Typing text '11052003' into text field 'id=data'.</msg>
<status status="PASS" starttime="20241015 11:30:51.411" endtime="20241015 11:30:51.526"/>
</kw>
<status status="PASS" starttime="20241015 11:30:51.411" endtime="20241015 11:30:51.527"/>
</kw>
<kw name="Preencher o campo Senha com uma senha válida" library="Teste_Cadastro_resources">
<kw name="Input Text" library="SeleniumLibrary">
<arg>id=Senha</arg>
<arg>${Senha}</arg>
<doc>Types the given ``text`` into the text field identified by ``locator``.</doc>
<msg timestamp="20241015 11:30:51.529" level="INFO">Typing text 'Senha01@' into text field 'id=Senha'.</msg>
<status status="PASS" starttime="20241015 11:30:51.528" endtime="20241015 11:30:51.744"/>
</kw>
<status status="PASS" starttime="20241015 11:30:51.528" endtime="20241015 11:30:51.744"/>
</kw>
<kw name="Preencher o campo Confirme a senha com a mesma senha do campo Senha" library="Teste_Cadastro_resources">
<kw name="Input Text" library="SeleniumLibrary">
<arg>id=confirmaSenha</arg>
<arg>${Senha}</arg>
<doc>Types the given ``text`` into the text field identified by ``locator``.</doc>
<msg timestamp="20241015 11:30:51.744" level="INFO">Typing text 'Senha01@' into text field 'id=confirmaSenha'.</msg>
<status status="PASS" starttime="20241015 11:30:51.744" endtime="20241015 11:30:52.089"/>
</kw>
<status status="PASS" starttime="20241015 11:30:51.744" endtime="20241015 11:30:52.089"/>
</kw>
<kw name="Preencher o campo Altura corretamente" library="Teste_Cadastro_resources">
<kw name="Input Text" library="SeleniumLibrary">
<arg>id=alt</arg>
<arg>${altura}</arg>
<doc>Types the given ``text`` into the text field identified by ``locator``.</doc>
<msg timestamp="20241015 11:30:52.094" level="INFO">Typing text '1.70' into text field 'id=alt'.</msg>
<status status="PASS" starttime="20241015 11:30:52.092" endtime="20241015 11:30:52.387"/>
</kw>
<status status="PASS" starttime="20241015 11:30:52.091" endtime="20241015 11:30:52.387"/>
</kw>
<kw name="Preencher o campo Peso corretamente" library="Teste_Cadastro_resources">
<kw name="Input Text" library="SeleniumLibrary">
<arg>id=pes</arg>
<arg>${peso}</arg>
<doc>Types the given ``text`` into the text field identified by ``locator``.</doc>
<msg timestamp="20241015 11:30:52.391" level="INFO">Typing text '55' into text field 'id=pes'.</msg>
<status status="PASS" starttime="20241015 11:30:52.387" endtime="20241015 11:30:52.665"/>
</kw>
<status status="PASS" starttime="20241015 11:30:52.387" endtime="20241015 11:30:52.665"/>
</kw>
<kw name="Preencher o campo Telefone corretamente" library="Teste_Cadastro_resources">
<kw name="Input Text" library="SeleniumLibrary">
<arg>id=tel</arg>
<arg>${telefone}</arg>
<doc>Types the given ``text`` into the text field identified by ``locator``.</doc>
<msg timestamp="20241015 11:30:52.669" level="INFO">Typing text '343234323' into text field 'id=tel'.</msg>
<status status="PASS" starttime="20241015 11:30:52.669" endtime="20241015 11:30:52.982"/>
</kw>
<status status="PASS" starttime="20241015 11:30:52.668" endtime="20241015 11:30:52.982"/>
</kw>
<kw name="Preencher o campo Gênero com um gênero válido" library="Teste_Cadastro_resources">
<kw name="Select From List By Value" library="SeleniumLibrary">
<arg>id=sexo</arg>
<arg>${genero}</arg>
<doc>Selects options from selection list ``locator`` by ``values``.</doc>
<msg timestamp="20241015 11:30:52.985" level="INFO">Selecting options from selection list 'id=sexo' by value Masculino.</msg>
<status status="PASS" starttime="20241015 11:30:52.985" endtime="20241015 11:30:53.285"/>
</kw>
<status status="PASS" starttime="20241015 11:30:52.984" endtime="20241015 11:30:53.286"/>
</kw>
<kw name="Acionar o botão &quot;Cadastrar&quot;" library="Teste_Cadastro_resources">
<kw name="Click Element" library="SeleniumLibrary">
<arg>id=Enviar</arg>
<doc>Click the element identified by ``locator``.</doc>
<msg timestamp="20241015 11:30:53.290" level="INFO">Clicking element 'id=Enviar'.</msg>
<status status="PASS" starttime="20241015 11:30:53.286" endtime="20241015 11:30:53.650"/>
</kw>
<status status="PASS" starttime="20241015 11:30:53.286" endtime="20241015 11:30:53.651"/>
</kw>
<kw name="Verificar se é exibida a mensagem de confirmação &quot;${mensagem_valida}&quot;" library="Teste_Cadastro_resources" sourcename="Verificar se é exibida a mensagem de confirmação &quot;${mensagem_valida}&quot;">
<kw name="Get Text" library="SeleniumLibrary">
<var>${men}</var>
<arg>css=section.success-message p</arg>
<doc>Returns the text value of the element identified by ``locator``.</doc>
<msg timestamp="20241015 11:30:53.692" level="INFO">${men} = O paciente foi cadastrado com sucesso em nosso sistema.</msg>
<status status="PASS" starttime="20241015 11:30:53.652" endtime="20241015 11:30:53.692"/>
</kw>
<kw name="Should Be Equal As Strings" library="BuiltIn">
<arg>${men}</arg>
<arg>${mensagem_valida}</arg>
<doc>Fails if objects are unequal after converting them to strings.</doc>
<status status="PASS" starttime="20241015 11:30:53.692" endtime="20241015 11:30:53.693"/>
</kw>
<status status="PASS" starttime="20241015 11:30:53.651" endtime="20241015 11:30:53.693"/>
</kw>
<doc>Esse teste verifica o cadastro do cliente correto</doc>
<tag>site_principal</tag>
<status status="PASS" starttime="20241015 11:30:43.825" endtime="20241015 11:30:53.694"/>
</test>
<doc>Essa suíte testa o site da Clinical Here</doc>
<status status="PASS" starttime="20241015 11:30:32.895" endtime="20241015 11:30:53.696"/>
</suite>
<statistics>
<total>
<stat pass="2" fail="0" skip="0">All Tests</stat>
</total>
<tag>
<stat pass="2" fail="0" skip="0">site_principal</stat>
</tag>
<suite>
<stat pass="2" fail="0" skip="0" id="s1" name="Teste Cadastro Cliente">Teste Cadastro Cliente</stat>
</suite>
</statistics>
<errors>
</errors>
</robot>
