<?xml version="1.0" encoding="UTF-8"?>
<robot generator="Robot 7.1 (Python 3.12.6 on win32)" generated="2024-10-18T12:10:14.035055" rpa="false" schemaversion="5">
<suite id="s1" name="Teste Cadastro Cliente" source="c:\Users\melov\OneDrive\Área de Trabalho\Verificação e Validação\TestesAuto\Testes_Cadastro_Cliente\Teste_Cadastro_Cliente.robot">
<test id="s1-t1" name="Caso de Teste 01 - Cadastro inválido de Cliente&quot;" line="7">
<kw name="Abrir o navegador" owner="Teste_Cadastro_resources" type="SETUP">
<kw name="Open Browser" owner="SeleniumLibrary">
<msg time="2024-10-18T12:10:14.184915" level="INFO">Opening browser 'chrome' to base url 'None'.</msg>
<arg>browser=${BROWSER}</arg>
<doc>Opens a new browser instance to the optional ``url``.</doc>
<status status="PASS" start="2024-10-18T12:10:14.184625" elapsed="1.560640"/>
</kw>
<kw name="Maximize Browser Window" owner="SeleniumLibrary">
<doc>Maximizes current browser window.</doc>
<status status="PASS" start="2024-10-18T12:10:15.745265" elapsed="0.029388"/>
</kw>
<status status="PASS" start="2024-10-18T12:10:14.182498" elapsed="1.592155"/>
</kw>
<kw name="Acessar a home page do site Clinical Here" owner="Teste_Cadastro_resources">
<kw name="Go To" owner="SeleniumLibrary">
<msg time="2024-10-18T12:10:15.774653" level="INFO">Opening url 'http://localhost/ExperienciaCriativa/parte-1/php/'</msg>
<arg>url=${URL}</arg>
<doc>Navigates the current browser window to the provided ``url``.</doc>
<status status="PASS" start="2024-10-18T12:10:15.774653" elapsed="0.065856"/>
</kw>
<kw name="Capture Page Screenshot" owner="SeleniumLibrary">
<msg time="2024-10-18T12:10:16.119629" level="INFO" html="true">&lt;/td&gt;&lt;/tr&gt;&lt;tr&gt;&lt;td colspan="3"&gt;&lt;a href="selenium-screenshot-1.png"&gt;&lt;img src="selenium-screenshot-1.png" width="800px"&gt;&lt;/a&gt;</msg>
<doc>Takes a screenshot of the current page and embeds it into a log file.</doc>
<status status="PASS" start="2024-10-18T12:10:15.848512" elapsed="0.271555"/>
</kw>
<status status="PASS" start="2024-10-18T12:10:15.774653" elapsed="0.345414"/>
</kw>
<kw name="Digitar o cpf de uma recepcionista ativa no campo CPF" owner="Teste_Cadastro_resources">
<kw name="Input Text" owner="SeleniumLibrary">
<msg time="2024-10-18T12:10:16.120587" level="INFO">Typing text '431.628.700-11' into text field 'id=cpf'.</msg>
<arg>id=cpf</arg>
<arg>${CPF}</arg>
<doc>Types the given ``text`` into the text field identified by ``locator``.</doc>
<status status="PASS" start="2024-10-18T12:10:16.120587" elapsed="0.153358"/>
</kw>
<status status="PASS" start="2024-10-18T12:10:16.120587" elapsed="0.153358"/>
</kw>
<kw name="Digitar a senha de uma recepcionista ativa no campo Senha" owner="Teste_Cadastro_resources">
<kw name="Input Text" owner="SeleniumLibrary">
<msg time="2024-10-18T12:10:16.273945" level="INFO">Typing text 'Senha01@' into text field 'id=senha'.</msg>
<arg>id=senha</arg>
<arg>${SENHA}</arg>
<doc>Types the given ``text`` into the text field identified by ``locator``.</doc>
<status status="PASS" start="2024-10-18T12:10:16.273945" elapsed="0.102600"/>
</kw>
<status status="PASS" start="2024-10-18T12:10:16.273945" elapsed="0.102600"/>
</kw>
<kw name="Acionar o botão &quot;Entrar&quot;" owner="Teste_Cadastro_resources">
<kw name="Click Element" owner="SeleniumLibrary">
<msg time="2024-10-18T12:10:16.376545" level="INFO">Clicking element 'name=botao_login'.</msg>
<arg>name=botao_login</arg>
<doc>Click the element identified by ``locator``.</doc>
<status status="PASS" start="2024-10-18T12:10:16.376545" elapsed="0.604581"/>
</kw>
<status status="PASS" start="2024-10-18T12:10:16.376545" elapsed="0.604581"/>
</kw>
<kw name="Clicar no menu &quot;Cadastro de Paciente&quot;" owner="Teste_Cadastro_resources">
<kw name="Click Link" owner="SeleniumLibrary">
<msg time="2024-10-18T12:10:16.987137" level="INFO">Clicking link 'Cadastro de Paciente'.</msg>
<arg>${opcao_menu}</arg>
<doc>Clicks a link identified by ``locator``.</doc>
<status status="PASS" start="2024-10-18T12:10:16.981126" elapsed="0.144621"/>
</kw>
<status status="PASS" start="2024-10-18T12:10:16.981126" elapsed="0.144621"/>
</kw>
<kw name="Preencher o campo Nome completo com um nome válido" owner="Teste_Cadastro_resources">
<kw name="Input Text" owner="SeleniumLibrary">
<msg time="2024-10-18T12:10:17.125747" level="INFO">Typing text 'José Maria dos Reis' into text field 'id=nome'.</msg>
<arg>id=nome</arg>
<arg>${nome_valido}</arg>
<doc>Types the given ``text`` into the text field identified by ``locator``.</doc>
<status status="PASS" start="2024-10-18T12:10:17.125747" elapsed="0.173300"/>
</kw>
<status status="PASS" start="2024-10-18T12:10:17.125747" elapsed="0.173300"/>
</kw>
<kw name="Preencher o campo CPF com um CPF inválido" owner="Teste_Cadastro_resources">
<kw name="Input Text" owner="SeleniumLibrary">
<msg time="2024-10-18T12:10:17.299047" level="INFO">Typing text '431.628.700-11' into text field 'id=cpf'.</msg>
<arg>id=cpf</arg>
<arg>${CPF_invalido}</arg>
<doc>Types the given ``text`` into the text field identified by ``locator``.</doc>
<status status="PASS" start="2024-10-18T12:10:17.299047" elapsed="0.121393"/>
</kw>
<status status="PASS" start="2024-10-18T12:10:17.299047" elapsed="0.121393"/>
</kw>
<kw name="Preencher o campo Data de Nascimento com uma data válida" owner="Teste_Cadastro_resources">
<kw name="Input Text" owner="SeleniumLibrary">
<msg time="2024-10-18T12:10:17.420440" level="INFO">Typing text '11052003' into text field 'id=data'.</msg>
<arg>id=data</arg>
<arg>${data_nascimento}</arg>
<doc>Types the given ``text`` into the text field identified by ``locator``.</doc>
<status status="PASS" start="2024-10-18T12:10:17.420440" elapsed="0.063735"/>
</kw>
<status status="PASS" start="2024-10-18T12:10:17.420440" elapsed="0.063735"/>
</kw>
<kw name="Preencher o campo Senha com uma senha válida" owner="Teste_Cadastro_resources">
<kw name="Input Text" owner="SeleniumLibrary">
<msg time="2024-10-18T12:10:17.484175" level="INFO">Typing text 'Senha01@' into text field 'id=Senha'.</msg>
<arg>id=Senha</arg>
<arg>${Senha}</arg>
<doc>Types the given ``text`` into the text field identified by ``locator``.</doc>
<status status="PASS" start="2024-10-18T12:10:17.484175" elapsed="0.113873"/>
</kw>
<status status="PASS" start="2024-10-18T12:10:17.484175" elapsed="0.113873"/>
</kw>
<kw name="Preencher o campo Confirme a senha com a mesma senha do campo Senha" owner="Teste_Cadastro_resources">
<kw name="Input Text" owner="SeleniumLibrary">
<msg time="2024-10-18T12:10:17.598048" level="INFO">Typing text 'Senha01@' into text field 'id=confirmaSenha'.</msg>
<arg>id=confirmaSenha</arg>
<arg>${Senha}</arg>
<doc>Types the given ``text`` into the text field identified by ``locator``.</doc>
<status status="PASS" start="2024-10-18T12:10:17.598048" elapsed="0.106709"/>
</kw>
<status status="PASS" start="2024-10-18T12:10:17.598048" elapsed="0.106709"/>
</kw>
<kw name="Preencher o campo Altura corretamente" owner="Teste_Cadastro_resources">
<kw name="Input Text" owner="SeleniumLibrary">
<msg time="2024-10-18T12:10:17.704757" level="INFO">Typing text '1.70' into text field 'id=alt'.</msg>
<arg>id=alt</arg>
<arg>${altura}</arg>
<doc>Types the given ``text`` into the text field identified by ``locator``.</doc>
<status status="PASS" start="2024-10-18T12:10:17.704757" elapsed="0.084980"/>
</kw>
<status status="PASS" start="2024-10-18T12:10:17.704757" elapsed="0.084980"/>
</kw>
<kw name="Preencher o campo Peso corretamente" owner="Teste_Cadastro_resources">
<kw name="Input Text" owner="SeleniumLibrary">
<msg time="2024-10-18T12:10:17.789737" level="INFO">Typing text '55' into text field 'id=pes'.</msg>
<arg>id=pes</arg>
<arg>${peso}</arg>
<doc>Types the given ``text`` into the text field identified by ``locator``.</doc>
<status status="PASS" start="2024-10-18T12:10:17.789737" elapsed="0.079428"/>
</kw>
<status status="PASS" start="2024-10-18T12:10:17.789737" elapsed="0.079428"/>
</kw>
<kw name="Preencher o campo Telefone corretamente" owner="Teste_Cadastro_resources">
<kw name="Input Text" owner="SeleniumLibrary">
<msg time="2024-10-18T12:10:17.869165" level="INFO">Typing text '343234323' into text field 'id=tel'.</msg>
<arg>id=tel</arg>
<arg>${telefone}</arg>
<doc>Types the given ``text`` into the text field identified by ``locator``.</doc>
<status status="PASS" start="2024-10-18T12:10:17.869165" elapsed="0.098221"/>
</kw>
<status status="PASS" start="2024-10-18T12:10:17.869165" elapsed="0.098221"/>
</kw>
<kw name="Preencher o campo Gênero com um gênero válido" owner="Teste_Cadastro_resources">
<kw name="Select From List By Value" owner="SeleniumLibrary">
<msg time="2024-10-18T12:10:17.975510" level="INFO">Selecting options from selection list 'id=sexo' by value Masculino.</msg>
<arg>id=sexo</arg>
<arg>${genero}</arg>
<doc>Selects options from selection list ``locator`` by ``values``.</doc>
<status status="PASS" start="2024-10-18T12:10:17.967386" elapsed="0.072543"/>
</kw>
<status status="PASS" start="2024-10-18T12:10:17.967386" elapsed="0.072543"/>
</kw>
<kw name="Acionar o botão &quot;Cadastrar&quot;" owner="Teste_Cadastro_resources">
<kw name="Click Element" owner="SeleniumLibrary">
<msg time="2024-10-18T12:10:18.039929" level="INFO">Clicking element 'id=Enviar'.</msg>
<arg>id=Enviar</arg>
<doc>Click the element identified by ``locator``.</doc>
<status status="PASS" start="2024-10-18T12:10:18.039929" elapsed="0.064789"/>
</kw>
<status status="PASS" start="2024-10-18T12:10:18.039929" elapsed="0.064789"/>
</kw>
<kw name="Verificar se é exibida a mensagem de erro &quot;${mensagem_erro}&quot;" owner="Teste_Cadastro_resources" source_name="Verificar se é exibida a mensagem de erro &quot;${mensagem_erro}&quot;">
<kw name="Get Text" owner="SeleniumLibrary">
<msg time="2024-10-18T12:10:18.153446" level="INFO">${men} = Esse CPF já foi cadastrado anteriormente!</msg>
<var>${men}</var>
<arg>css=section.section_invalido p</arg>
<doc>Returns the text value of the element identified by ``locator``.</doc>
<status status="PASS" start="2024-10-18T12:10:18.104718" elapsed="0.048728"/>
</kw>
<kw name="Should Be Equal As Strings" owner="BuiltIn">
<arg>${men}</arg>
<arg>${mensagem_erro}</arg>
<doc>Fails if objects are unequal after converting them to strings.</doc>
<status status="PASS" start="2024-10-18T12:10:18.153446" elapsed="0.000000"/>
</kw>
<status status="PASS" start="2024-10-18T12:10:18.104718" elapsed="0.048728"/>
</kw>
<doc>Esse teste verifica o cadastro inválido do Cliente</doc>
<tag>cadastro_invalido_paciente</tag>
<status status="PASS" start="2024-10-18T12:10:14.180263" elapsed="3.973183"/>
</test>
<test id="s1-t2" name="Caso de Teste 02 - Cadastro válido do Cliente&quot;" line="27">
<kw name="Abrir o navegador" owner="Teste_Cadastro_resources" type="SETUP">
<kw name="Open Browser" owner="SeleniumLibrary">
<msg time="2024-10-18T12:10:18.153446" level="INFO">Opening browser 'chrome' to base url 'None'.</msg>
<arg>browser=${BROWSER}</arg>
<doc>Opens a new browser instance to the optional ``url``.</doc>
<status status="PASS" start="2024-10-18T12:10:18.153446" elapsed="1.573253"/>
</kw>
<kw name="Maximize Browser Window" owner="SeleniumLibrary">
<doc>Maximizes current browser window.</doc>
<status status="PASS" start="2024-10-18T12:10:19.726699" elapsed="0.042445"/>
</kw>
<status status="PASS" start="2024-10-18T12:10:18.153446" elapsed="1.615698"/>
</kw>
<kw name="Acessar a home page do site Clinical Here" owner="Teste_Cadastro_resources">
<kw name="Go To" owner="SeleniumLibrary">
<msg time="2024-10-18T12:10:19.769144" level="INFO">Opening url 'http://localhost/ExperienciaCriativa/parte-1/php/'</msg>
<arg>url=${URL}</arg>
<doc>Navigates the current browser window to the provided ``url``.</doc>
<status status="PASS" start="2024-10-18T12:10:19.769144" elapsed="0.056487"/>
</kw>
<kw name="Capture Page Screenshot" owner="SeleniumLibrary">
<msg time="2024-10-18T12:10:20.043622" level="INFO" html="true">&lt;/td&gt;&lt;/tr&gt;&lt;tr&gt;&lt;td colspan="3"&gt;&lt;a href="selenium-screenshot-2.png"&gt;&lt;img src="selenium-screenshot-2.png" width="800px"&gt;&lt;/a&gt;</msg>
<doc>Takes a screenshot of the current page and embeds it into a log file.</doc>
<status status="PASS" start="2024-10-18T12:10:19.825631" elapsed="0.217991"/>
</kw>
<status status="PASS" start="2024-10-18T12:10:19.769144" elapsed="0.274478"/>
</kw>
<kw name="Digitar o cpf de uma recepcionista ativa no campo CPF" owner="Teste_Cadastro_resources">
<kw name="Input Text" owner="SeleniumLibrary">
<msg time="2024-10-18T12:10:20.051814" level="INFO">Typing text '431.628.700-11' into text field 'id=cpf'.</msg>
<arg>id=cpf</arg>
<arg>${CPF}</arg>
<doc>Types the given ``text`` into the text field identified by ``locator``.</doc>
<status status="PASS" start="2024-10-18T12:10:20.051814" elapsed="0.130717"/>
</kw>
<status status="PASS" start="2024-10-18T12:10:20.051814" elapsed="0.130717"/>
</kw>
<kw name="Digitar a senha de uma recepcionista ativa no campo Senha" owner="Teste_Cadastro_resources">
<kw name="Input Text" owner="SeleniumLibrary">
<msg time="2024-10-18T12:10:20.182531" level="INFO">Typing text 'Senha01@' into text field 'id=senha'.</msg>
<arg>id=senha</arg>
<arg>${SENHA}</arg>
<doc>Types the given ``text`` into the text field identified by ``locator``.</doc>
<status status="PASS" start="2024-10-18T12:10:20.182531" elapsed="0.099119"/>
</kw>
<status status="PASS" start="2024-10-18T12:10:20.182531" elapsed="0.099119"/>
</kw>
<kw name="Acionar o botão &quot;Entrar&quot;" owner="Teste_Cadastro_resources">
<kw name="Click Element" owner="SeleniumLibrary">
<msg time="2024-10-18T12:10:20.281650" level="INFO">Clicking element 'name=botao_login'.</msg>
<arg>name=botao_login</arg>
<doc>Click the element identified by ``locator``.</doc>
<status status="PASS" start="2024-10-18T12:10:20.281650" elapsed="0.636421"/>
</kw>
<status status="PASS" start="2024-10-18T12:10:20.281650" elapsed="0.642443"/>
</kw>
<kw name="Clicar no menu &quot;Cadastro de Paciente&quot;" owner="Teste_Cadastro_resources">
<kw name="Click Link" owner="SeleniumLibrary">
<msg time="2024-10-18T12:10:20.924637" level="INFO">Clicking link 'Cadastro de Paciente'.</msg>
<arg>${opcao_menu}</arg>
<doc>Clicks a link identified by ``locator``.</doc>
<status status="PASS" start="2024-10-18T12:10:20.924637" elapsed="0.137387"/>
</kw>
<status status="PASS" start="2024-10-18T12:10:20.924637" elapsed="0.137387"/>
</kw>
<kw name="Preencher o campo Nome completo com um nome válido" owner="Teste_Cadastro_resources">
<kw name="Input Text" owner="SeleniumLibrary">
<msg time="2024-10-18T12:10:21.070283" level="INFO">Typing text 'José Maria dos Reis' into text field 'id=nome'.</msg>
<arg>id=nome</arg>
<arg>${nome_valido}</arg>
<doc>Types the given ``text`` into the text field identified by ``locator``.</doc>
<status status="PASS" start="2024-10-18T12:10:21.062024" elapsed="0.170297"/>
</kw>
<status status="PASS" start="2024-10-18T12:10:21.062024" elapsed="0.170297"/>
</kw>
<kw name="Preencher o campo CPF com um CPF válido" owner="Teste_Cadastro_resources">
<kw name="Input Text" owner="SeleniumLibrary">
<msg time="2024-10-18T12:10:21.235564" level="INFO">Typing text '892.107.420-10' into text field 'id=cpf'.</msg>
<arg>id=cpf</arg>
<arg>${CPF_valido}</arg>
<doc>Types the given ``text`` into the text field identified by ``locator``.</doc>
<status status="PASS" start="2024-10-18T12:10:21.234508" elapsed="0.120428"/>
</kw>
<status status="PASS" start="2024-10-18T12:10:21.233991" elapsed="0.120945"/>
</kw>
<kw name="Preencher o campo Data de Nascimento com uma data válida" owner="Teste_Cadastro_resources">
<kw name="Input Text" owner="SeleniumLibrary">
<msg time="2024-10-18T12:10:21.354936" level="INFO">Typing text '11052003' into text field 'id=data'.</msg>
<arg>id=data</arg>
<arg>${data_nascimento}</arg>
<doc>Types the given ``text`` into the text field identified by ``locator``.</doc>
<status status="PASS" start="2024-10-18T12:10:21.354936" elapsed="0.066280"/>
</kw>
<status status="PASS" start="2024-10-18T12:10:21.354936" elapsed="0.066280"/>
</kw>
<kw name="Preencher o campo Senha com uma senha válida" owner="Teste_Cadastro_resources">
<kw name="Input Text" owner="SeleniumLibrary">
<msg time="2024-10-18T12:10:21.421216" level="INFO">Typing text 'Senha01@' into text field 'id=Senha'.</msg>
<arg>id=Senha</arg>
<arg>${Senha}</arg>
<doc>Types the given ``text`` into the text field identified by ``locator``.</doc>
<status status="PASS" start="2024-10-18T12:10:21.421216" elapsed="0.097870"/>
</kw>
<status status="PASS" start="2024-10-18T12:10:21.421216" elapsed="0.097870"/>
</kw>
<kw name="Preencher o campo Confirme a senha com a mesma senha do campo Senha" owner="Teste_Cadastro_resources">
<kw name="Input Text" owner="SeleniumLibrary">
<msg time="2024-10-18T12:10:21.527587" level="INFO">Typing text 'Senha01@' into text field 'id=confirmaSenha'.</msg>
<arg>id=confirmaSenha</arg>
<arg>${Senha}</arg>
<doc>Types the given ``text`` into the text field identified by ``locator``.</doc>
<status status="PASS" start="2024-10-18T12:10:21.527587" elapsed="0.097202"/>
</kw>
<status status="PASS" start="2024-10-18T12:10:21.527587" elapsed="0.097202"/>
</kw>
<kw name="Preencher o campo Altura corretamente" owner="Teste_Cadastro_resources">
<kw name="Input Text" owner="SeleniumLibrary">
<msg time="2024-10-18T12:10:21.629332" level="INFO">Typing text '1.70' into text field 'id=alt'.</msg>
<arg>id=alt</arg>
<arg>${altura}</arg>
<doc>Types the given ``text`` into the text field identified by ``locator``.</doc>
<status status="PASS" start="2024-10-18T12:10:21.624789" elapsed="0.089532"/>
</kw>
<status status="PASS" start="2024-10-18T12:10:21.624789" elapsed="0.089532"/>
</kw>
<kw name="Preencher o campo Peso corretamente" owner="Teste_Cadastro_resources">
<kw name="Input Text" owner="SeleniumLibrary">
<msg time="2024-10-18T12:10:21.722342" level="INFO">Typing text '55' into text field 'id=pes'.</msg>
<arg>id=pes</arg>
<arg>${peso}</arg>
<doc>Types the given ``text`` into the text field identified by ``locator``.</doc>
<status status="PASS" start="2024-10-18T12:10:21.714321" elapsed="0.122542"/>
</kw>
<status status="PASS" start="2024-10-18T12:10:21.714321" elapsed="0.122542"/>
</kw>
<kw name="Preencher o campo Telefone corretamente" owner="Teste_Cadastro_resources">
<kw name="Input Text" owner="SeleniumLibrary">
<msg time="2024-10-18T12:10:21.836863" level="INFO">Typing text '343234323' into text field 'id=tel'.</msg>
<arg>id=tel</arg>
<arg>${telefone}</arg>
<doc>Types the given ``text`` into the text field identified by ``locator``.</doc>
<status status="PASS" start="2024-10-18T12:10:21.836863" elapsed="0.113174"/>
</kw>
<status status="PASS" start="2024-10-18T12:10:21.836863" elapsed="0.113174"/>
</kw>
<kw name="Preencher o campo Gênero com um gênero válido" owner="Teste_Cadastro_resources">
<kw name="Select From List By Value" owner="SeleniumLibrary">
<msg time="2024-10-18T12:10:21.958032" level="INFO">Selecting options from selection list 'id=sexo' by value Masculino.</msg>
<arg>id=sexo</arg>
<arg>${genero}</arg>
<doc>Selects options from selection list ``locator`` by ``values``.</doc>
<status status="PASS" start="2024-10-18T12:10:21.950037" elapsed="0.089394"/>
</kw>
<status status="PASS" start="2024-10-18T12:10:21.950037" elapsed="0.089394"/>
</kw>
<kw name="Acionar o botão &quot;Cadastrar&quot;" owner="Teste_Cadastro_resources">
<kw name="Click Element" owner="SeleniumLibrary">
<msg time="2024-10-18T12:10:22.039431" level="INFO">Clicking element 'id=Enviar'.</msg>
<arg>id=Enviar</arg>
<doc>Click the element identified by ``locator``.</doc>
<status status="PASS" start="2024-10-18T12:10:22.039431" elapsed="0.104981"/>
</kw>
<status status="PASS" start="2024-10-18T12:10:22.039431" elapsed="0.104981"/>
</kw>
<kw name="Verificar se é exibida a mensagem de confirmação &quot;${mensagem_valida}&quot;" owner="Teste_Cadastro_resources" source_name="Verificar se é exibida a mensagem de confirmação &quot;${mensagem_valida}&quot;">
<kw name="Get Text" owner="SeleniumLibrary">
<msg time="2024-10-18T12:10:22.176811" level="INFO">${men} = O paciente foi cadastrado com sucesso em nosso sistema.</msg>
<var>${men}</var>
<arg>css=section.success-message p</arg>
<doc>Returns the text value of the element identified by ``locator``.</doc>
<status status="PASS" start="2024-10-18T12:10:22.152420" elapsed="0.024391"/>
</kw>
<kw name="Should Be Equal As Strings" owner="BuiltIn">
<arg>${men}</arg>
<arg>${mensagem_valida}</arg>
<doc>Fails if objects are unequal after converting them to strings.</doc>
<status status="PASS" start="2024-10-18T12:10:22.176811" elapsed="0.000000"/>
</kw>
<status status="PASS" start="2024-10-18T12:10:22.152420" elapsed="0.024391"/>
</kw>
<doc>Esse teste verifica o cadastro do cliente correto</doc>
<tag>cadastro_valido_paciente</tag>
<status status="PASS" start="2024-10-18T12:10:18.153446" elapsed="4.031427"/>
</test>
<doc>Essa test suite testa o site da Clinical Here</doc>
<status status="PASS" start="2024-10-18T12:10:14.043081" elapsed="8.144842"/>
</suite>
<statistics>
<total>
<stat pass="2" fail="0" skip="0">All Tests</stat>
</total>
<tag>
<stat pass="1" fail="0" skip="0">cadastro_invalido_paciente</stat>
<stat pass="1" fail="0" skip="0">cadastro_valido_paciente</stat>
</tag>
<suite>
<stat pass="2" fail="0" skip="0" id="s1" name="Teste Cadastro Cliente">Teste Cadastro Cliente</stat>
</suite>
</statistics>
<errors>
</errors>
</robot>
